<?xml version="1.0" encoding="UTF-8"?>
<!-- Generated by org.testng.reporters.JUnitXMLReporter -->
<testsuite ignored="0" hostname="Deepikas-MBP.attlocal.net" failures="2" tests="5" name="Tests" time="24.61" errors="0" timestamp="2023-09-20T11:31:28 PDT">
  <testcase classname="com.salesforce.testcases.LoginTest" name="TC01" time="0.582"/>
  <testcase classname="com.salesforce.testcases.LoginTest" name="TC02" time="2.226">
    <failure type="java.lang.AssertionError" message="expected [Home Page ~ Salesforce - Developer Edition] but found []">
      <![CDATA[java.lang.AssertionError: expected [Home Page ~ Salesforce - Developer Edition] but found []
at com.salesforce.base.BasePage.compareText(BasePage.java:29)
at com.salesforce.pages.LoginPage.validateTC02(LoginPage.java:159)
at com.salesforce.testcases.LoginTest.TC02(LoginTest.java:80)
at java.base/java.util.ArrayList.forEach(ArrayList.java:1511)
at java.base/java.util.concurrent.FutureTask.run(FutureTask.java:264)
at java.base/java.util.concurrent.ThreadPoolExecutor.runWorker(ThreadPoolExecutor.java:1136)
at java.base/java.util.concurrent.ThreadPoolExecutor$Worker.run(ThreadPoolExecutor.java:635)
at java.base/java.lang.Thread.run(Thread.java:833)
... Removed 24 stack frames]]>
    </failure>
  </testcase> <!-- TC02 -->
  <testcase classname="com.salesforce.testcases.LoginTest" name="TC03" time="2.092">
    <failure type="org.openqa.selenium.NoSuchElementException" message="Unable to locate element: #userNavButton
For documentation on this error, please visit: https://www.seleniumhq.org/exceptions/no_such_element.html
Build info: version: &amp;apos;3.141.59&amp;apos;, revision: &amp;apos;e82be7d358&amp;apos;, time: &amp;apos;2018-11-14T08:17:03&amp;apos;
System info: host: &amp;apos;Deepikas-MBP.attlocal.net&amp;apos;, ip: &amp;apos;2600:1700:78e0:b000:0:0:0:46%en0&amp;apos;, os.name: &amp;apos;Mac OS X&amp;apos;, os.arch: &amp;apos;x86_64&amp;apos;, os.version: &amp;apos;13.5.2&amp;apos;, java.version: &amp;apos;17.0.5&amp;apos;
Driver info: org.openqa.selenium.remote.RemoteWebDriver
Capabilities {acceptInsecureCerts: false, browserName: firefox, browserVersion: 117.0.1, javascriptEnabled: true, moz:accessibilityChecks: false, moz:buildID: 20230912013654, moz:geckodriverVersion: 0.33.0, moz:headless: false, moz:platformVersion: 22.6.0, moz:processID: 31378, moz:profile: /var/folders/9m/0j83878557z..., moz:shutdownTimeout: 60000, moz:webdriverClick: true, moz:windowless: false, pageLoadStrategy: normal, platform: MAC, platformName: MAC, proxy: Proxy(), se:bidi: ws://192.168.1.100:4444/ses..., se:cdp: ws://192.168.1.100:4444/ses..., setWindowRect: true, strictFileInteractability: false, timeouts: {implicit: 0, pageLoad: 300000, script: 30000}, unhandledPromptBehavior: dismiss and notify}
Session ID: a6b33c9b-9e58-48df-aac2-636f874e92ac
*** Element info: {Using=id, value=userNavButton}">
      <![CDATA[org.openqa.selenium.NoSuchElementException: Unable to locate element: #userNavButton
For documentation on this error, please visit: https://www.seleniumhq.org/exceptions/no_such_element.html
Build info: version: '3.141.59', revision: 'e82be7d358', time: '2018-11-14T08:17:03'
System info: host: 'Deepikas-MBP.attlocal.net', ip: '2600:1700:78e0:b000:0:0:0:46%en0', os.name: 'Mac OS X', os.arch: 'x86_64', os.version: '13.5.2', java.version: '17.0.5'
Driver info: org.openqa.selenium.remote.RemoteWebDriver
Capabilities {acceptInsecureCerts: false, browserName: firefox, browserVersion: 117.0.1, javascriptEnabled: true, moz:accessibilityChecks: false, moz:buildID: 20230912013654, moz:geckodriverVersion: 0.33.0, moz:headless: false, moz:platformVersion: 22.6.0, moz:processID: 31378, moz:profile: /var/folders/9m/0j83878557z..., moz:shutdownTimeout: 60000, moz:webdriverClick: true, moz:windowless: false, pageLoadStrategy: normal, platform: MAC, platformName: MAC, proxy: Proxy(), se:bidi: ws://192.168.1.100:4444/ses..., se:cdp: ws://192.168.1.100:4444/ses..., setWindowRect: true, strictFileInteractability: false, timeouts: {implicit: 0, pageLoad: 300000, script: 30000}, unhandledPromptBehavior: dismiss and notify}
Session ID: a6b33c9b-9e58-48df-aac2-636f874e92ac
*** Element info: {Using=id, value=userNavButton}
at org.openqa.selenium.remote.http.W3CHttpResponseCodec.createException(W3CHttpResponseCodec.java:187)
at org.openqa.selenium.remote.http.W3CHttpResponseCodec.decode(W3CHttpResponseCodec.java:122)
at org.openqa.selenium.remote.http.W3CHttpResponseCodec.decode(W3CHttpResponseCodec.java:49)
at org.openqa.selenium.remote.HttpCommandExecutor.execute(HttpCommandExecutor.java:158)
at org.openqa.selenium.remote.RemoteWebDriver.execute(RemoteWebDriver.java:552)
at org.openqa.selenium.remote.RemoteWebDriver.findElement(RemoteWebDriver.java:323)
at org.openqa.selenium.remote.RemoteWebDriver.findElementById(RemoteWebDriver.java:372)
at org.openqa.selenium.By$ById.findElement(By.java:188)
at org.openqa.selenium.remote.RemoteWebDriver.findElement(RemoteWebDriver.java:315)
at org.openqa.selenium.support.pagefactory.DefaultElementLocator.findElement(DefaultElementLocator.java:69)
at org.openqa.selenium.support.pagefactory.internal.LocatingElementHandler.invoke(LocatingElementHandler.java:38)
at jdk.proxy2/jdk.proxy2.$Proxy12.click(Unknown Source)
at com.salesforce.pages.LoginPage.logout(LoginPage.java:110)
at com.salesforce.testcases.LoginTest.TC03(LoginTest.java:96)
at java.base/java.util.ArrayList.forEach(ArrayList.java:1511)
at java.base/java.util.concurrent.FutureTask.run(FutureTask.java:264)
at java.base/java.util.concurrent.ThreadPoolExecutor.runWorker(ThreadPoolExecutor.java:1136)
at java.base/java.util.concurrent.ThreadPoolExecutor$Worker.run(ThreadPoolExecutor.java:635)
at java.base/java.lang.Thread.run(Thread.java:833)
... Removed 23 stack frames]]>
    </failure>
  </testcase> <!-- TC03 -->
  <testcase classname="com.salesforce.testcases.LoginTest" name="TC4A" time="0.839"/>
  <testcase classname="com.salesforce.testcases.LoginTest" name="TC4B" time="0.337"/>
</testsuite> <!-- Tests -->
