<?xml version="1.0" encoding="UTF-8"?>
<!-- Generated by org.testng.reporters.JUnitXMLReporter -->
<testsuite ignored="0" hostname="Deepikas-MBP.attlocal.net" failures="5" tests="5" name="Default test(failed)" time="0.037" errors="0" timestamp="2023-04-13T19:24:26 PDT">
  <testcase classname="com.salesforce.testcases.RandomScenariosTest" name="TC37" time="0.0">
    <failure type="org.testng.TestNGException" message="
Parameter &amp;apos;username&amp;apos; is required by @Test on method TC37 but has not been marked @Optional or defined
in /Users/rahade/eclipse-workspace4/SalesforceTestNGFramework/test-output/Default suite/testng-failed.xml">
      <![CDATA[org.testng.TestNGException: 
Parameter 'username' is required by @Test on method TC37 but has not been marked @Optional or defined
in /Users/rahade/eclipse-workspace4/SalesforceTestNGFramework/test-output/Default suite/testng-failed.xml
at java.base/java.util.ArrayList.forEach(ArrayList.java:1511)
... Removed 26 stack frames]]>
    </failure>
  </testcase> <!-- TC37 -->
  <testcase classname="com.salesforce.testcases.RandomScenariosTest" name="TC33" time="0.0">
    <failure type="org.testng.TestNGException" message="
Parameter &amp;apos;username&amp;apos; is required by @Test on method TC33 but has not been marked @Optional or defined
in /Users/rahade/eclipse-workspace4/SalesforceTestNGFramework/test-output/Default suite/testng-failed.xml">
      <![CDATA[org.testng.TestNGException: 
Parameter 'username' is required by @Test on method TC33 but has not been marked @Optional or defined
in /Users/rahade/eclipse-workspace4/SalesforceTestNGFramework/test-output/Default suite/testng-failed.xml
at java.base/java.util.ArrayList.forEach(ArrayList.java:1511)
... Removed 26 stack frames]]>
    </failure>
  </testcase> <!-- TC33 -->
  <testcase classname="com.salesforce.testcases.RandomScenariosTest" name="TC36" time="0.0">
    <failure type="org.testng.TestNGException" message="
Parameter &amp;apos;username&amp;apos; is required by @Test on method TC36 but has not been marked @Optional or defined
in /Users/rahade/eclipse-workspace4/SalesforceTestNGFramework/test-output/Default suite/testng-failed.xml">
      <![CDATA[org.testng.TestNGException: 
Parameter 'username' is required by @Test on method TC36 but has not been marked @Optional or defined
in /Users/rahade/eclipse-workspace4/SalesforceTestNGFramework/test-output/Default suite/testng-failed.xml
at java.base/java.util.ArrayList.forEach(ArrayList.java:1511)
... Removed 26 stack frames]]>
    </failure>
  </testcase> <!-- TC36 -->
  <testcase classname="com.salesforce.testcases.RandomScenariosTest" name="TC35" time="0.0">
    <failure type="org.testng.TestNGException" message="
Parameter &amp;apos;username&amp;apos; is required by @Test on method TC35 but has not been marked @Optional or defined
in /Users/rahade/eclipse-workspace4/SalesforceTestNGFramework/test-output/Default suite/testng-failed.xml">
      <![CDATA[org.testng.TestNGException: 
Parameter 'username' is required by @Test on method TC35 but has not been marked @Optional or defined
in /Users/rahade/eclipse-workspace4/SalesforceTestNGFramework/test-output/Default suite/testng-failed.xml
at java.base/java.util.ArrayList.forEach(ArrayList.java:1511)
... Removed 26 stack frames]]>
    </failure>
  </testcase> <!-- TC35 -->
  <testcase classname="com.salesforce.testcases.RandomScenariosTest" name="TC34" time="0.0">
    <failure type="org.testng.TestNGException" message="
Parameter &amp;apos;username&amp;apos; is required by @Test on method TC34 but has not been marked @Optional or defined
in /Users/rahade/eclipse-workspace4/SalesforceTestNGFramework/test-output/Default suite/testng-failed.xml">
      <![CDATA[org.testng.TestNGException: 
Parameter 'username' is required by @Test on method TC34 but has not been marked @Optional or defined
in /Users/rahade/eclipse-workspace4/SalesforceTestNGFramework/test-output/Default suite/testng-failed.xml
at java.base/java.util.ArrayList.forEach(ArrayList.java:1511)
... Removed 26 stack frames]]>
    </failure>
  </testcase> <!-- TC34 -->
</testsuite> <!-- Default test(failed) -->
